<?xml version="1.0" encoding="UTF-8" ?>
<testsuite tests="7" failures="0" name="com.mycompany.testing.TestTest" time="0.149" errors="0" skipped="0">
  <properties>
[...]
</properties>
  <testcase classname="com.mycompany.testing.TestTest" name="testLastThree" time="0.007"/>
  <testcase classname="com.mycompany.testing.TestTest" name="testLastThreeFailure" time="0.007"/>
  <testcase classname="com.mycompany.testing.TestTest" name="testAvarageItem" time="0.002"/>
  <testcase classname="com.mycompany.testing.TestTest" name="testMaxItem" time="0.001"/>
  <testcase classname="com.mycompany.testing.TestTest" name="testReversString" time="0.001"/>
  <testcase classname="com.mycompany.testing.TestTest" name="testMinItem" time="0"/>
  <testcase classname="com.mycompany.testing.TestTest" name="testSayZero" time="0"/>
</testsuite>